{"D:\\FinalProjectMobileSecurity\\client\\services\\api.ts": {"path":"D:\\FinalProjectMobileSecurity\\client\\services\\api.ts","statementMap":{"0":{"start":{"line":89,"column":20},"end":{"line":94,"column":1}},"1":{"start":{"line":97,"column":16},"end":{"line":102,"column":2}},"2":{"start":{"line":104,"column":0},"end":{"line":104,"column":41}},"3":{"start":{"line":106,"column":19},"end":{"line":112,"column":2}},"4":{"start":{"line":115,"column":0},"end":{"line":126,"column":2}},"5":{"start":{"line":117,"column":18},"end":{"line":117,"column":53}},"6":{"start":{"line":118,"column":4},"end":{"line":120,"column":5}},"7":{"start":{"line":119,"column":6},"end":{"line":119,"column":55}},"8":{"start":{"line":121,"column":4},"end":{"line":121,"column":18}},"9":{"start":{"line":124,"column":4},"end":{"line":124,"column":33}},"10":{"start":{"line":129,"column":0},"end":{"line":157,"column":2}},"11":{"start":{"line":130,"column":16},"end":{"line":130,"column":24}},"12":{"start":{"line":132,"column":28},"end":{"line":132,"column":40}},"13":{"start":{"line":135,"column":4},"end":{"line":153,"column":5}},"14":{"start":{"line":136,"column":6},"end":{"line":136,"column":36}},"15":{"start":{"line":139,"column":6},"end":{"line":145,"column":7}},"16":{"start":{"line":140,"column":8},"end":{"line":140,"column":73}},"17":{"start":{"line":141,"column":8},"end":{"line":141,"column":54}},"18":{"start":{"line":142,"column":13},"end":{"line":145,"column":7}},"19":{"start":{"line":143,"column":8},"end":{"line":143,"column":73}},"20":{"start":{"line":144,"column":8},"end":{"line":144,"column":54}},"21":{"start":{"line":147,"column":6},"end":{"line":152,"column":7}},"22":{"start":{"line":148,"column":8},"end":{"line":148,"column":44}},"23":{"start":{"line":150,"column":8},"end":{"line":150,"column":51}},"24":{"start":{"line":151,"column":8},"end":{"line":151,"column":42}},"25":{"start":{"line":155,"column":4},"end":{"line":155,"column":33}},"26":{"start":{"line":159,"column":30},"end":{"line":170,"column":1}},"27":{"start":{"line":160,"column":2},"end":{"line":169,"column":5}},"28":{"start":{"line":161,"column":24},"end":{"line":168,"column":14}},"29":{"start":{"line":162,"column":6},"end":{"line":162,"column":20}},"30":{"start":{"line":163,"column":6},"end":{"line":167,"column":7}},"31":{"start":{"line":164,"column":8},"end":{"line":164,"column":22}},"32":{"start":{"line":166,"column":8},"end":{"line":166,"column":50}},"33":{"start":{"line":173,"column":28},"end":{"line":215,"column":1}},"34":{"start":{"line":174,"column":2},"end":{"line":177,"column":3}},"35":{"start":{"line":175,"column":4},"end":{"line":175,"column":46}},"36":{"start":{"line":176,"column":4},"end":{"line":176,"column":16}},"37":{"start":{"line":180,"column":2},"end":{"line":180,"column":41}},"38":{"start":{"line":183,"column":2},"end":{"line":189,"column":3}},"39":{"start":{"line":187,"column":4},"end":{"line":187,"column":62}},"40":{"start":{"line":188,"column":4},"end":{"line":188,"column":85}},"41":{"start":{"line":192,"column":2},"end":{"line":211,"column":3}},"42":{"start":{"line":193,"column":4},"end":{"line":193,"column":69}},"43":{"start":{"line":196,"column":4},"end":{"line":200,"column":5}},"44":{"start":{"line":198,"column":6},"end":{"line":198,"column":63}},"45":{"start":{"line":199,"column":6},"end":{"line":199,"column":87}},"46":{"start":{"line":203,"column":4},"end":{"line":207,"column":5}},"47":{"start":{"line":204,"column":23},"end":{"line":204,"column":39}},"48":{"start":{"line":205,"column":6},"end":{"line":205,"column":59}},"49":{"start":{"line":206,"column":6},"end":{"line":206,"column":22}},"50":{"start":{"line":209,"column":4},"end":{"line":209,"column":53}},"51":{"start":{"line":210,"column":4},"end":{"line":210,"column":16}},"52":{"start":{"line":213,"column":2},"end":{"line":213,"column":41}},"53":{"start":{"line":214,"column":2},"end":{"line":214,"column":13}},"54":{"start":{"line":217,"column":30},"end":{"line":260,"column":1}},"55":{"start":{"line":218,"column":2},"end":{"line":259,"column":3}},"56":{"start":{"line":220,"column":4},"end":{"line":229,"column":5}},"57":{"start":{"line":221,"column":29},"end":{"line":221,"column":57}},"58":{"start":{"line":222,"column":6},"end":{"line":225,"column":7}},"59":{"start":{"line":223,"column":8},"end":{"line":223,"column":46}},"60":{"start":{"line":224,"column":8},"end":{"line":224,"column":30}},"61":{"start":{"line":227,"column":6},"end":{"line":227,"column":86}},"62":{"start":{"line":232,"column":17},"end":{"line":232,"column":39}},"63":{"start":{"line":233,"column":4},"end":{"line":235,"column":5}},"64":{"start":{"line":234,"column":6},"end":{"line":234,"column":48}},"65":{"start":{"line":238,"column":21},"end":{"line":245,"column":5}},"66":{"start":{"line":247,"column":4},"end":{"line":253,"column":5}},"67":{"start":{"line":249,"column":6},"end":{"line":249,"column":42}},"68":{"start":{"line":251,"column":6},"end":{"line":251,"column":70}},"69":{"start":{"line":255,"column":4},"end":{"line":255,"column":20}},"70":{"start":{"line":257,"column":4},"end":{"line":257,"column":57}},"71":{"start":{"line":258,"column":4},"end":{"line":258,"column":16}},"72":{"start":{"line":262,"column":21},"end":{"line":325,"column":1}},"73":{"start":{"line":263,"column":2},"end":{"line":324,"column":3}},"74":{"start":{"line":265,"column":43},"end":{"line":265,"column":98}},"75":{"start":{"line":266,"column":18},"end":{"line":266,"column":56}},"76":{"start":{"line":268,"column":4},"end":{"line":274,"column":7}},"77":{"start":{"line":277,"column":4},"end":{"line":277,"column":47}},"78":{"start":{"line":279,"column":21},"end":{"line":285,"column":5}},"79":{"start":{"line":288,"column":4},"end":{"line":296,"column":5}},"80":{"start":{"line":289,"column":6},"end":{"line":293,"column":9}},"81":{"start":{"line":295,"column":6},"end":{"line":295,"column":112}},"82":{"start":{"line":298,"column":4},"end":{"line":298,"column":64}},"83":{"start":{"line":299,"column":4},"end":{"line":299,"column":65}},"84":{"start":{"line":301,"column":4},"end":{"line":301,"column":37}},"85":{"start":{"line":304,"column":23},"end":{"line":304,"column":38}},"86":{"start":{"line":306,"column":4},"end":{"line":321,"column":5}},"87":{"start":{"line":307,"column":6},"end":{"line":320,"column":7}},"88":{"start":{"line":309,"column":10},"end":{"line":309,"column":57}},"89":{"start":{"line":310,"column":10},"end":{"line":310,"column":16}},"90":{"start":{"line":312,"column":10},"end":{"line":312,"column":64}},"91":{"start":{"line":313,"column":10},"end":{"line":313,"column":16}},"92":{"start":{"line":316,"column":10},"end":{"line":316,"column":48}},"93":{"start":{"line":317,"column":10},"end":{"line":317,"column":16}},"94":{"start":{"line":319,"column":10},"end":{"line":319,"column":58}},"95":{"start":{"line":323,"column":4},"end":{"line":323,"column":36}},"96":{"start":{"line":327,"column":24},"end":{"line":372,"column":1}},"97":{"start":{"line":328,"column":2},"end":{"line":371,"column":3}},"98":{"start":{"line":330,"column":43},"end":{"line":330,"column":102}},"99":{"start":{"line":333,"column":4},"end":{"line":347,"column":5}},"100":{"start":{"line":334,"column":6},"end":{"line":336,"column":9}},"101":{"start":{"line":339,"column":20},"end":{"line":339,"column":58}},"102":{"start":{"line":342,"column":6},"end":{"line":346,"column":9}},"103":{"start":{"line":349,"column":4},"end":{"line":349,"column":55}},"104":{"start":{"line":352,"column":23},"end":{"line":352,"column":44}},"105":{"start":{"line":354,"column":4},"end":{"line":368,"column":5}},"106":{"start":{"line":355,"column":6},"end":{"line":367,"column":7}},"107":{"start":{"line":357,"column":10},"end":{"line":357,"column":48}},"108":{"start":{"line":358,"column":10},"end":{"line":358,"column":16}},"109":{"start":{"line":360,"column":10},"end":{"line":360,"column":57}},"110":{"start":{"line":361,"column":10},"end":{"line":361,"column":16}},"111":{"start":{"line":363,"column":10},"end":{"line":363,"column":49}},"112":{"start":{"line":364,"column":10},"end":{"line":364,"column":16}},"113":{"start":{"line":366,"column":10},"end":{"line":366,"column":65}},"114":{"start":{"line":370,"column":4},"end":{"line":370,"column":36}},"115":{"start":{"line":374,"column":22},"end":{"line":385,"column":1}},"116":{"start":{"line":375,"column":2},"end":{"line":384,"column":3}},"117":{"start":{"line":376,"column":4},"end":{"line":376,"column":24}},"118":{"start":{"line":378,"column":4},"end":{"line":378,"column":30}},"119":{"start":{"line":379,"column":4},"end":{"line":379,"column":31}},"120":{"start":{"line":380,"column":4},"end":{"line":380,"column":43}},"121":{"start":{"line":382,"column":4},"end":{"line":382,"column":49}},"122":{"start":{"line":383,"column":4},"end":{"line":383,"column":16}},"123":{"start":{"line":390,"column":26},"end":{"line":398,"column":1}},"124":{"start":{"line":391,"column":2},"end":{"line":397,"column":3}},"125":{"start":{"line":392,"column":21},"end":{"line":392,"column":54}},"126":{"start":{"line":393,"column":4},"end":{"line":393,"column":33}},"127":{"start":{"line":395,"column":4},"end":{"line":395,"column":52}},"128":{"start":{"line":396,"column":4},"end":{"line":396,"column":16}},"129":{"start":{"line":400,"column":25},"end":{"line":418,"column":1}},"130":{"start":{"line":401,"column":2},"end":{"line":417,"column":3}},"131":{"start":{"line":402,"column":21},"end":{"line":402,"column":66}},"132":{"start":{"line":403,"column":19},"end":{"line":403,"column":39}},"133":{"start":{"line":406,"column":4},"end":{"line":411,"column":5}},"134":{"start":{"line":407,"column":26},"end":{"line":407,"column":67}},"135":{"start":{"line":408,"column":6},"end":{"line":410,"column":7}},"136":{"start":{"line":409,"column":8},"end":{"line":409,"column":41}},"137":{"start":{"line":413,"column":4},"end":{"line":413,"column":18}},"138":{"start":{"line":415,"column":4},"end":{"line":415,"column":63}},"139":{"start":{"line":416,"column":4},"end":{"line":416,"column":16}},"140":{"start":{"line":420,"column":28},"end":{"line":437,"column":1}},"141":{"start":{"line":421,"column":2},"end":{"line":436,"column":3}},"142":{"start":{"line":423,"column":27},"end":{"line":423,"column":44}},"143":{"start":{"line":425,"column":4},"end":{"line":429,"column":5}},"144":{"start":{"line":426,"column":6},"end":{"line":426,"column":81}},"145":{"start":{"line":428,"column":6},"end":{"line":428,"column":42}},"146":{"start":{"line":431,"column":21},"end":{"line":431,"column":73}},"147":{"start":{"line":432,"column":4},"end":{"line":432,"column":32}},"148":{"start":{"line":434,"column":4},"end":{"line":434,"column":51}},"149":{"start":{"line":435,"column":4},"end":{"line":435,"column":16}},"150":{"start":{"line":439,"column":28},"end":{"line":447,"column":1}},"151":{"start":{"line":440,"column":2},"end":{"line":446,"column":3}},"152":{"start":{"line":441,"column":21},"end":{"line":441,"column":78}},"153":{"start":{"line":442,"column":4},"end":{"line":442,"column":32}},"154":{"start":{"line":444,"column":4},"end":{"line":444,"column":51}},"155":{"start":{"line":445,"column":4},"end":{"line":445,"column":16}},"156":{"start":{"line":449,"column":28},"end":{"line":457,"column":1}},"157":{"start":{"line":450,"column":2},"end":{"line":456,"column":3}},"158":{"start":{"line":451,"column":21},"end":{"line":451,"column":69}},"159":{"start":{"line":452,"column":4},"end":{"line":452,"column":25}},"160":{"start":{"line":454,"column":4},"end":{"line":454,"column":51}},"161":{"start":{"line":455,"column":4},"end":{"line":455,"column":16}},"162":{"start":{"line":460,"column":31},"end":{"line":468,"column":1}},"163":{"start":{"line":461,"column":2},"end":{"line":467,"column":3}},"164":{"start":{"line":462,"column":21},"end":{"line":462,"column":80}},"165":{"start":{"line":463,"column":4},"end":{"line":463,"column":38}},"166":{"start":{"line":465,"column":4},"end":{"line":465,"column":57}},"167":{"start":{"line":466,"column":4},"end":{"line":466,"column":16}},"168":{"start":{"line":470,"column":30},"end":{"line":478,"column":1}},"169":{"start":{"line":471,"column":2},"end":{"line":477,"column":3}},"170":{"start":{"line":472,"column":21},"end":{"line":472,"column":76}},"171":{"start":{"line":473,"column":4},"end":{"line":473,"column":37}},"172":{"start":{"line":475,"column":4},"end":{"line":475,"column":56}},"173":{"start":{"line":476,"column":4},"end":{"line":476,"column":16}},"174":{"start":{"line":480,"column":33},"end":{"line":488,"column":1}},"175":{"start":{"line":481,"column":2},"end":{"line":487,"column":3}},"176":{"start":{"line":482,"column":21},"end":{"line":482,"column":77}},"177":{"start":{"line":483,"column":4},"end":{"line":483,"column":37}},"178":{"start":{"line":485,"column":4},"end":{"line":485,"column":56}},"179":{"start":{"line":486,"column":4},"end":{"line":486,"column":16}},"180":{"start":{"line":490,"column":33},"end":{"line":498,"column":1}},"181":{"start":{"line":491,"column":2},"end":{"line":497,"column":3}},"182":{"start":{"line":492,"column":21},"end":{"line":492,"column":93}},"183":{"start":{"line":493,"column":4},"end":{"line":493,"column":37}},"184":{"start":{"line":495,"column":4},"end":{"line":495,"column":56}},"185":{"start":{"line":496,"column":4},"end":{"line":496,"column":16}},"186":{"start":{"line":500,"column":33},"end":{"line":508,"column":1}},"187":{"start":{"line":501,"column":2},"end":{"line":507,"column":3}},"188":{"start":{"line":502,"column":21},"end":{"line":502,"column":79}},"189":{"start":{"line":503,"column":4},"end":{"line":503,"column":25}},"190":{"start":{"line":505,"column":4},"end":{"line":505,"column":56}},"191":{"start":{"line":506,"column":4},"end":{"line":506,"column":16}},"192":{"start":{"line":511,"column":29},"end":{"line":519,"column":1}},"193":{"start":{"line":512,"column":2},"end":{"line":518,"column":3}},"194":{"start":{"line":513,"column":21},"end":{"line":513,"column":57}},"195":{"start":{"line":514,"column":4},"end":{"line":514,"column":36}},"196":{"start":{"line":516,"column":4},"end":{"line":516,"column":55}},"197":{"start":{"line":517,"column":4},"end":{"line":517,"column":16}},"198":{"start":{"line":522,"column":35},"end":{"line":530,"column":1}},"199":{"start":{"line":523,"column":2},"end":{"line":529,"column":3}},"200":{"start":{"line":524,"column":21},"end":{"line":524,"column":78}},"201":{"start":{"line":525,"column":4},"end":{"line":525,"column":33}},"202":{"start":{"line":527,"column":4},"end":{"line":527,"column":62}},"203":{"start":{"line":528,"column":4},"end":{"line":528,"column":16}}},"fnMap":{"0":{"name":"(anonymous_0)","decl":{"start":{"line":116,"column":2},"end":{"line":116,"column":3}},"loc":{"start":{"line":116,"column":20},"end":{"line":122,"column":3}},"line":116},"1":{"name":"(anonymous_1)","decl":{"start":{"line":123,"column":2},"end":{"line":123,"column":3}},"loc":{"start":{"line":123,"column":13},"end":{"line":125,"column":3}},"line":123},"2":{"name":"(anonymous_2)","decl":{"start":{"line":130,"column":2},"end":{"line":130,"column":3}},"loc":{"start":{"line":130,"column":16},"end":{"line":130,"column":24}},"line":130},"3":{"name":"(anonymous_3)","decl":{"start":{"line":131,"column":2},"end":{"line":131,"column":3}},"loc":{"start":{"line":131,"column":19},"end":{"line":156,"column":3}},"line":131},"4":{"name":"(anonymous_4)","decl":{"start":{"line":159,"column":30},"end":{"line":159,"column":31}},"loc":{"start":{"line":159,"column":51},"end":{"line":170,"column":1}},"line":159},"5":{"name":"(anonymous_5)","decl":{"start":{"line":160,"column":21},"end":{"line":160,"column":22}},"loc":{"start":{"line":160,"column":42},"end":{"line":169,"column":3}},"line":160},"6":{"name":"(anonymous_6)","decl":{"start":{"line":161,"column":49},"end":{"line":161,"column":50}},"loc":{"start":{"line":161,"column":59},"end":{"line":168,"column":5}},"line":161},"7":{"name":"(anonymous_7)","decl":{"start":{"line":173,"column":28},"end":{"line":173,"column":29}},"loc":{"start":{"line":173,"column":67},"end":{"line":215,"column":1}},"line":173},"8":{"name":"(anonymous_8)","decl":{"start":{"line":217,"column":30},"end":{"line":217,"column":31}},"loc":{"start":{"line":217,"column":42},"end":{"line":260,"column":1}},"line":217},"9":{"name":"(anonymous_9)","decl":{"start":{"line":262,"column":21},"end":{"line":262,"column":22}},"loc":{"start":{"line":262,"column":64},"end":{"line":325,"column":1}},"line":262},"10":{"name":"(anonymous_10)","decl":{"start":{"line":327,"column":24},"end":{"line":327,"column":25}},"loc":{"start":{"line":327,"column":85},"end":{"line":372,"column":1}},"line":327},"11":{"name":"(anonymous_11)","decl":{"start":{"line":374,"column":22},"end":{"line":374,"column":23}},"loc":{"start":{"line":374,"column":34},"end":{"line":385,"column":1}},"line":374},"12":{"name":"(anonymous_12)","decl":{"start":{"line":390,"column":26},"end":{"line":390,"column":27}},"loc":{"start":{"line":390,"column":57},"end":{"line":398,"column":1}},"line":390},"13":{"name":"(anonymous_13)","decl":{"start":{"line":400,"column":25},"end":{"line":400,"column":26}},"loc":{"start":{"line":400,"column":70},"end":{"line":418,"column":1}},"line":400},"14":{"name":"(anonymous_14)","decl":{"start":{"line":420,"column":28},"end":{"line":420,"column":29}},"loc":{"start":{"line":420,"column":85},"end":{"line":437,"column":1}},"line":420},"15":{"name":"(anonymous_15)","decl":{"start":{"line":439,"column":28},"end":{"line":439,"column":29}},"loc":{"start":{"line":439,"column":112},"end":{"line":447,"column":1}},"line":439},"16":{"name":"(anonymous_16)","decl":{"start":{"line":449,"column":28},"end":{"line":449,"column":29}},"loc":{"start":{"line":449,"column":102},"end":{"line":457,"column":1}},"line":449},"17":{"name":"(anonymous_17)","decl":{"start":{"line":460,"column":31},"end":{"line":460,"column":32}},"loc":{"start":{"line":460,"column":104},"end":{"line":468,"column":1}},"line":460},"18":{"name":"(anonymous_18)","decl":{"start":{"line":470,"column":30},"end":{"line":470,"column":31}},"loc":{"start":{"line":470,"column":85},"end":{"line":478,"column":1}},"line":470},"19":{"name":"(anonymous_19)","decl":{"start":{"line":480,"column":33},"end":{"line":480,"column":34}},"loc":{"start":{"line":480,"column":105},"end":{"line":488,"column":1}},"line":480},"20":{"name":"(anonymous_20)","decl":{"start":{"line":490,"column":33},"end":{"line":490,"column":34}},"loc":{"start":{"line":490,"column":137},"end":{"line":498,"column":1}},"line":490},"21":{"name":"(anonymous_21)","decl":{"start":{"line":500,"column":33},"end":{"line":500,"column":34}},"loc":{"start":{"line":500,"column":112},"end":{"line":508,"column":1}},"line":500},"22":{"name":"(anonymous_22)","decl":{"start":{"line":511,"column":29},"end":{"line":511,"column":30}},"loc":{"start":{"line":511,"column":62},"end":{"line":519,"column":1}},"line":511},"23":{"name":"(anonymous_23)","decl":{"start":{"line":522,"column":35},"end":{"line":522,"column":36}},"loc":{"start":{"line":522,"column":125},"end":{"line":530,"column":1}},"line":522}},"branchMap":{"0":{"loc":{"start":{"line":118,"column":4},"end":{"line":120,"column":5}},"type":"if","locations":[{"start":{"line":118,"column":4},"end":{"line":120,"column":5}},{"start":{},"end":{}}],"line":118},"1":{"loc":{"start":{"line":135,"column":4},"end":{"line":153,"column":5}},"type":"if","locations":[{"start":{"line":135,"column":4},"end":{"line":153,"column":5}},{"start":{},"end":{}}],"line":135},"2":{"loc":{"start":{"line":135,"column":8},"end":{"line":135,"column":63}},"type":"binary-expr","locations":[{"start":{"line":135,"column":8},"end":{"line":135,"column":36}},{"start":{"line":135,"column":40},"end":{"line":135,"column":63}}],"line":135},"3":{"loc":{"start":{"line":139,"column":6},"end":{"line":145,"column":7}},"type":"if","locations":[{"start":{"line":139,"column":6},"end":{"line":145,"column":7}},{"start":{"line":142,"column":13},"end":{"line":145,"column":7}}],"line":139},"4":{"loc":{"start":{"line":142,"column":13},"end":{"line":145,"column":7}},"type":"if","locations":[{"start":{"line":142,"column":13},"end":{"line":145,"column":7}},{"start":{},"end":{}}],"line":142},"5":{"loc":{"start":{"line":163,"column":6},"end":{"line":167,"column":7}},"type":"if","locations":[{"start":{"line":163,"column":6},"end":{"line":167,"column":7}},{"start":{"line":165,"column":13},"end":{"line":167,"column":7}}],"line":163},"6":{"loc":{"start":{"line":174,"column":2},"end":{"line":177,"column":3}},"type":"if","locations":[{"start":{"line":174,"column":2},"end":{"line":177,"column":3}},{"start":{},"end":{}}],"line":174},"7":{"loc":{"start":{"line":183,"column":2},"end":{"line":189,"column":3}},"type":"if","locations":[{"start":{"line":183,"column":2},"end":{"line":189,"column":3}},{"start":{},"end":{}}],"line":183},"8":{"loc":{"start":{"line":192,"column":2},"end":{"line":211,"column":3}},"type":"if","locations":[{"start":{"line":192,"column":2},"end":{"line":211,"column":3}},{"start":{},"end":{}}],"line":192},"9":{"loc":{"start":{"line":192,"column":6},"end":{"line":192,"column":63}},"type":"binary-expr","locations":[{"start":{"line":192,"column":6},"end":{"line":192,"column":32}},{"start":{"line":192,"column":36},"end":{"line":192,"column":63}}],"line":192},"10":{"loc":{"start":{"line":196,"column":4},"end":{"line":200,"column":5}},"type":"if","locations":[{"start":{"line":196,"column":4},"end":{"line":200,"column":5}},{"start":{},"end":{}}],"line":196},"11":{"loc":{"start":{"line":203,"column":4},"end":{"line":207,"column":5}},"type":"if","locations":[{"start":{"line":203,"column":4},"end":{"line":207,"column":5}},{"start":{},"end":{}}],"line":203},"12":{"loc":{"start":{"line":222,"column":6},"end":{"line":225,"column":7}},"type":"if","locations":[{"start":{"line":222,"column":6},"end":{"line":225,"column":7}},{"start":{},"end":{}}],"line":222},"13":{"loc":{"start":{"line":233,"column":4},"end":{"line":235,"column":5}},"type":"if","locations":[{"start":{"line":233,"column":4},"end":{"line":235,"column":5}},{"start":{},"end":{}}],"line":233},"14":{"loc":{"start":{"line":241,"column":19},"end":{"line":241,"column":45}},"type":"binary-expr","locations":[{"start":{"line":241,"column":19},"end":{"line":241,"column":35}},{"start":{"line":241,"column":39},"end":{"line":241,"column":45}}],"line":241},"15":{"loc":{"start":{"line":243,"column":16},"end":{"line":243,"column":61}},"type":"binary-expr","locations":[{"start":{"line":243,"column":16},"end":{"line":243,"column":48}},{"start":{"line":243,"column":52},"end":{"line":243,"column":61}}],"line":243},"16":{"loc":{"start":{"line":282,"column":19},"end":{"line":282,"column":60}},"type":"binary-expr","locations":[{"start":{"line":282,"column":19},"end":{"line":282,"column":50}},{"start":{"line":282,"column":54},"end":{"line":282,"column":60}}],"line":282},"17":{"loc":{"start":{"line":284,"column":16},"end":{"line":284,"column":76}},"type":"binary-expr","locations":[{"start":{"line":284,"column":16},"end":{"line":284,"column":63}},{"start":{"line":284,"column":67},"end":{"line":284,"column":76}}],"line":284},"18":{"loc":{"start":{"line":306,"column":4},"end":{"line":321,"column":5}},"type":"if","locations":[{"start":{"line":306,"column":4},"end":{"line":321,"column":5}},{"start":{},"end":{}}],"line":306},"19":{"loc":{"start":{"line":307,"column":6},"end":{"line":320,"column":7}},"type":"switch","locations":[{"start":{"line":308,"column":8},"end":{"line":310,"column":16}},{"start":{"line":311,"column":8},"end":{"line":313,"column":16}},{"start":{"line":314,"column":8},"end":{"line":314,"column":35}},{"start":{"line":315,"column":8},"end":{"line":317,"column":16}},{"start":{"line":318,"column":8},"end":{"line":319,"column":58}}],"line":307},"20":{"loc":{"start":{"line":319,"column":25},"end":{"line":319,"column":57}},"type":"binary-expr","locations":[{"start":{"line":319,"column":25},"end":{"line":319,"column":38}},{"start":{"line":319,"column":42},"end":{"line":319,"column":57}}],"line":319},"21":{"loc":{"start":{"line":333,"column":4},"end":{"line":347,"column":5}},"type":"if","locations":[{"start":{"line":333,"column":4},"end":{"line":347,"column":5}},{"start":{},"end":{}}],"line":333},"22":{"loc":{"start":{"line":354,"column":4},"end":{"line":368,"column":5}},"type":"if","locations":[{"start":{"line":354,"column":4},"end":{"line":368,"column":5}},{"start":{},"end":{}}],"line":354},"23":{"loc":{"start":{"line":355,"column":6},"end":{"line":367,"column":7}},"type":"switch","locations":[{"start":{"line":356,"column":8},"end":{"line":358,"column":16}},{"start":{"line":359,"column":8},"end":{"line":361,"column":16}},{"start":{"line":362,"column":8},"end":{"line":364,"column":16}},{"start":{"line":365,"column":8},"end":{"line":366,"column":65}}],"line":355},"24":{"loc":{"start":{"line":366,"column":25},"end":{"line":366,"column":64}},"type":"binary-expr","locations":[{"start":{"line":366,"column":25},"end":{"line":366,"column":38}},{"start":{"line":366,"column":42},"end":{"line":366,"column":64}}],"line":366},"25":{"loc":{"start":{"line":406,"column":4},"end":{"line":411,"column":5}},"type":"if","locations":[{"start":{"line":406,"column":4},"end":{"line":411,"column":5}},{"start":{},"end":{}}],"line":406},"26":{"loc":{"start":{"line":408,"column":6},"end":{"line":410,"column":7}},"type":"if","locations":[{"start":{"line":408,"column":6},"end":{"line":410,"column":7}},{"start":{},"end":{}}],"line":408},"27":{"loc":{"start":{"line":425,"column":4},"end":{"line":429,"column":5}},"type":"if","locations":[{"start":{"line":425,"column":4},"end":{"line":429,"column":5}},{"start":{},"end":{}}],"line":425},"28":{"loc":{"start":{"line":460,"column":38},"end":{"line":460,"column":75}},"type":"default-arg","locations":[{"start":{"line":460,"column":73},"end":{"line":460,"column":75}}],"line":460},"29":{"loc":{"start":{"line":522,"column":42},"end":{"line":522,"column":93}},"type":"default-arg","locations":[{"start":{"line":522,"column":86},"end":{"line":522,"column":93}}],"line":522}},"s":{"0":0,"1":0,"2":0,"3":0,"4":0,"5":0,"6":0,"7":0,"8":0,"9":0,"10":0,"11":0,"12":0,"13":0,"14":0,"15":0,"16":0,"17":0,"18":0,"19":0,"20":0,"21":0,"22":0,"23":0,"24":0,"25":0,"26":0,"27":0,"28":0,"29":0,"30":0,"31":0,"32":0,"33":0,"34":0,"35":0,"36":0,"37":0,"38":0,"39":0,"40":0,"41":0,"42":0,"43":0,"44":0,"45":0,"46":0,"47":0,"48":0,"49":0,"50":0,"51":0,"52":0,"53":0,"54":0,"55":0,"56":0,"57":0,"58":0,"59":0,"60":0,"61":0,"62":0,"63":0,"64":0,"65":0,"66":0,"67":0,"68":0,"69":0,"70":0,"71":0,"72":0,"73":0,"74":0,"75":0,"76":0,"77":0,"78":0,"79":0,"80":0,"81":0,"82":0,"83":0,"84":0,"85":0,"86":0,"87":0,"88":0,"89":0,"90":0,"91":0,"92":0,"93":0,"94":0,"95":0,"96":0,"97":0,"98":0,"99":0,"100":0,"101":0,"102":0,"103":0,"104":0,"105":0,"106":0,"107":0,"108":0,"109":0,"110":0,"111":0,"112":0,"113":0,"114":0,"115":0,"116":0,"117":0,"118":0,"119":0,"120":0,"121":0,"122":0,"123":0,"124":0,"125":0,"126":0,"127":0,"128":0,"129":0,"130":0,"131":0,"132":0,"133":0,"134":0,"135":0,"136":0,"137":0,"138":0,"139":0,"140":0,"141":0,"142":0,"143":0,"144":0,"145":0,"146":0,"147":0,"148":0,"149":0,"150":0,"151":0,"152":0,"153":0,"154":0,"155":0,"156":0,"157":0,"158":0,"159":0,"160":0,"161":0,"162":0,"163":0,"164":0,"165":0,"166":0,"167":0,"168":0,"169":0,"170":0,"171":0,"172":0,"173":0,"174":0,"175":0,"176":0,"177":0,"178":0,"179":0,"180":0,"181":0,"182":0,"183":0,"184":0,"185":0,"186":0,"187":0,"188":0,"189":0,"190":0,"191":0,"192":0,"193":0,"194":0,"195":0,"196":0,"197":0,"198":0,"199":0,"200":0,"201":0,"202":0,"203":0},"f":{"0":0,"1":0,"2":0,"3":0,"4":0,"5":0,"6":0,"7":0,"8":0,"9":0,"10":0,"11":0,"12":0,"13":0,"14":0,"15":0,"16":0,"17":0,"18":0,"19":0,"20":0,"21":0,"22":0,"23":0},"b":{"0":[0,0],"1":[0,0],"2":[0,0],"3":[0,0],"4":[0,0],"5":[0,0],"6":[0,0],"7":[0,0],"8":[0,0],"9":[0,0],"10":[0,0],"11":[0,0],"12":[0,0],"13":[0,0],"14":[0,0],"15":[0,0],"16":[0,0],"17":[0,0],"18":[0,0],"19":[0,0,0,0,0],"20":[0,0],"21":[0,0],"22":[0,0],"23":[0,0,0,0],"24":[0,0],"25":[0,0],"26":[0,0],"27":[0,0],"28":[0],"29":[0]}}
,"D:\\FinalProjectMobileSecurity\\client\\services\\authService.ts": {"path":"D:\\FinalProjectMobileSecurity\\client\\services\\authService.ts","statementMap":{"0":{"start":{"line":36,"column":42},"end":{"line":52,"column":1}},"1":{"start":{"line":37,"column":2},"end":{"line":51,"column":3}},"2":{"start":{"line":42,"column":4},"end":{"line":45,"column":5}},"3":{"start":{"line":44,"column":6},"end":{"line":44,"column":39}},"4":{"start":{"line":47,"column":4},"end":{"line":47,"column":39}},"5":{"start":{"line":49,"column":4},"end":{"line":49,"column":67}},"6":{"start":{"line":50,"column":4},"end":{"line":50,"column":39}},"7":{"start":{"line":55,"column":36},"end":{"line":61,"column":1}},"8":{"start":{"line":56,"column":2},"end":{"line":60,"column":3}},"9":{"start":{"line":57,"column":4},"end":{"line":57,"column":80}},"10":{"start":{"line":59,"column":4},"end":{"line":59,"column":65}},"11":{"start":{"line":64,"column":35},"end":{"line":72,"column":1}},"12":{"start":{"line":65,"column":2},"end":{"line":71,"column":3}},"13":{"start":{"line":66,"column":20},"end":{"line":66,"column":67}},"14":{"start":{"line":67,"column":4},"end":{"line":67,"column":30}},"15":{"start":{"line":69,"column":4},"end":{"line":69,"column":65}},"16":{"start":{"line":70,"column":4},"end":{"line":70,"column":17}},"17":{"start":{"line":75,"column":42},"end":{"line":95,"column":1}},"18":{"start":{"line":76,"column":2},"end":{"line":94,"column":3}},"19":{"start":{"line":82,"column":4},"end":{"line":82,"column":63}},"20":{"start":{"line":83,"column":4},"end":{"line":83,"column":16}},"21":{"start":{"line":92,"column":4},"end":{"line":92,"column":66}},"22":{"start":{"line":93,"column":4},"end":{"line":93,"column":17}},"23":{"start":{"line":98,"column":21},"end":{"line":143,"column":1}},"24":{"start":{"line":104,"column":21},"end":{"line":104,"column":53}},"25":{"start":{"line":107,"column":27},"end":{"line":107,"column":33}},"26":{"start":{"line":109,"column":2},"end":{"line":119,"column":3}},"27":{"start":{"line":112,"column":23},"end":{"line":112,"column":50}},"28":{"start":{"line":113,"column":4},"end":{"line":116,"column":5}},"29":{"start":{"line":114,"column":22},"end":{"line":114,"column":53}},"30":{"start":{"line":115,"column":6},"end":{"line":115,"column":40}},"31":{"start":{"line":118,"column":4},"end":{"line":118,"column":54}},"32":{"start":{"line":122,"column":29},"end":{"line":126,"column":3}},"33":{"start":{"line":129,"column":2},"end":{"line":129,"column":42}},"34":{"start":{"line":132,"column":2},"end":{"line":140,"column":3}},"35":{"start":{"line":133,"column":4},"end":{"line":133,"column":37}},"36":{"start":{"line":142,"column":2},"end":{"line":142,"column":53}},"37":{"start":{"line":146,"column":30},"end":{"line":158,"column":1}},"38":{"start":{"line":147,"column":2},"end":{"line":157,"column":3}},"39":{"start":{"line":148,"column":21},"end":{"line":148,"column":53}},"40":{"start":{"line":149,"column":4},"end":{"line":151,"column":5}},"41":{"start":{"line":150,"column":6},"end":{"line":150,"column":18}},"42":{"start":{"line":153,"column":4},"end":{"line":153,"column":45}},"43":{"start":{"line":155,"column":4},"end":{"line":155,"column":61}},"44":{"start":{"line":156,"column":4},"end":{"line":156,"column":16}},"45":{"start":{"line":161,"column":36},"end":{"line":193,"column":1}},"46":{"start":{"line":162,"column":2},"end":{"line":192,"column":3}},"47":{"start":{"line":163,"column":21},"end":{"line":163,"column":53}},"48":{"start":{"line":164,"column":4},"end":{"line":166,"column":5}},"49":{"start":{"line":165,"column":6},"end":{"line":165,"column":19}},"50":{"start":{"line":169,"column":24},"end":{"line":169,"column":37}},"51":{"start":{"line":170,"column":4},"end":{"line":186,"column":5}},"52":{"start":{"line":172,"column":23},"end":{"line":172,"column":64}},"53":{"start":{"line":174,"column":6},"end":{"line":183,"column":7}},"54":{"start":{"line":176,"column":8},"end":{"line":176,"column":65}},"55":{"start":{"line":179,"column":8},"end":{"line":179,"column":52}},"56":{"start":{"line":180,"column":8},"end":{"line":180,"column":48}},"57":{"start":{"line":182,"column":8},"end":{"line":182,"column":20}},"58":{"start":{"line":185,"column":6},"end":{"line":185,"column":19}},"59":{"start":{"line":188,"column":4},"end":{"line":188,"column":16}},"60":{"start":{"line":190,"column":4},"end":{"line":190,"column":52}},"61":{"start":{"line":191,"column":4},"end":{"line":191,"column":17}},"62":{"start":{"line":196,"column":34},"end":{"line":212,"column":1}},"63":{"start":{"line":197,"column":2},"end":{"line":211,"column":3}},"64":{"start":{"line":199,"column":20},"end":{"line":199,"column":42}},"65":{"start":{"line":200,"column":4},"end":{"line":205,"column":5}},"66":{"start":{"line":201,"column":24},"end":{"line":201,"column":52}},"67":{"start":{"line":202,"column":6},"end":{"line":204,"column":7}},"68":{"start":{"line":203,"column":8},"end":{"line":203,"column":20}},"69":{"start":{"line":207,"column":4},"end":{"line":207,"column":44}},"70":{"start":{"line":209,"column":4},"end":{"line":209,"column":61}},"71":{"start":{"line":210,"column":4},"end":{"line":210,"column":16}},"72":{"start":{"line":215,"column":23},"end":{"line":244,"column":1}},"73":{"start":{"line":216,"column":2},"end":{"line":243,"column":3}},"74":{"start":{"line":217,"column":17},"end":{"line":217,"column":43}},"75":{"start":{"line":219,"column":4},"end":{"line":221,"column":5}},"76":{"start":{"line":220,"column":6},"end":{"line":220,"column":19}},"77":{"start":{"line":224,"column":4},"end":{"line":227,"column":5}},"78":{"start":{"line":226,"column":6},"end":{"line":226,"column":18}},"79":{"start":{"line":229,"column":4},"end":{"line":232,"column":5}},"80":{"start":{"line":231,"column":6},"end":{"line":231,"column":59}},"81":{"start":{"line":234,"column":4},"end":{"line":237,"column":5}},"82":{"start":{"line":236,"column":6},"end":{"line":236,"column":35}},"83":{"start":{"line":239,"column":4},"end":{"line":239,"column":17}},"84":{"start":{"line":241,"column":4},"end":{"line":241,"column":54}},"85":{"start":{"line":242,"column":4},"end":{"line":242,"column":17}},"86":{"start":{"line":247,"column":22},"end":{"line":258,"column":1}},"87":{"start":{"line":248,"column":2},"end":{"line":257,"column":3}},"88":{"start":{"line":250,"column":4},"end":{"line":250,"column":40}},"89":{"start":{"line":251,"column":4},"end":{"line":251,"column":43}},"90":{"start":{"line":254,"column":4},"end":{"line":254,"column":23}},"91":{"start":{"line":256,"column":4},"end":{"line":256,"column":49}}},"fnMap":{"0":{"name":"(anonymous_0)","decl":{"start":{"line":36,"column":42},"end":{"line":36,"column":43}},"loc":{"start":{"line":36,"column":80},"end":{"line":52,"column":1}},"line":36},"1":{"name":"(anonymous_1)","decl":{"start":{"line":55,"column":36},"end":{"line":55,"column":37}},"loc":{"start":{"line":55,"column":79},"end":{"line":61,"column":1}},"line":55},"2":{"name":"(anonymous_2)","decl":{"start":{"line":64,"column":35},"end":{"line":64,"column":36}},"loc":{"start":{"line":64,"column":65},"end":{"line":72,"column":1}},"line":64},"3":{"name":"(anonymous_3)","decl":{"start":{"line":75,"column":42},"end":{"line":75,"column":43}},"loc":{"start":{"line":75,"column":72},"end":{"line":95,"column":1}},"line":75},"4":{"name":"(anonymous_4)","decl":{"start":{"line":98,"column":21},"end":{"line":98,"column":22}},"loc":{"start":{"line":102,"column":49},"end":{"line":143,"column":1}},"line":102},"5":{"name":"(anonymous_5)","decl":{"start":{"line":146,"column":30},"end":{"line":146,"column":31}},"loc":{"start":{"line":146,"column":60},"end":{"line":158,"column":1}},"line":146},"6":{"name":"(anonymous_6)","decl":{"start":{"line":161,"column":36},"end":{"line":161,"column":37}},"loc":{"start":{"line":161,"column":66},"end":{"line":193,"column":1}},"line":161},"7":{"name":"(anonymous_7)","decl":{"start":{"line":196,"column":34},"end":{"line":196,"column":35}},"loc":{"start":{"line":196,"column":72},"end":{"line":212,"column":1}},"line":196},"8":{"name":"(anonymous_8)","decl":{"start":{"line":215,"column":23},"end":{"line":215,"column":24}},"loc":{"start":{"line":215,"column":75},"end":{"line":244,"column":1}},"line":215},"9":{"name":"(anonymous_9)","decl":{"start":{"line":247,"column":22},"end":{"line":247,"column":23}},"loc":{"start":{"line":247,"column":49},"end":{"line":258,"column":1}},"line":247}},"branchMap":{"0":{"loc":{"start":{"line":42,"column":4},"end":{"line":45,"column":5}},"type":"if","locations":[{"start":{"line":42,"column":4},"end":{"line":45,"column":5}},{"start":{},"end":{}}],"line":42},"1":{"loc":{"start":{"line":42,"column":8},"end":{"line":42,"column":58}},"type":"binary-expr","locations":[{"start":{"line":42,"column":8},"end":{"line":42,"column":29}},{"start":{"line":42,"column":33},"end":{"line":42,"column":58}}],"line":42},"2":{"loc":{"start":{"line":57,"column":52},"end":{"line":57,"column":78}},"type":"cond-expr","locations":[{"start":{"line":57,"column":62},"end":{"line":57,"column":68}},{"start":{"line":57,"column":71},"end":{"line":57,"column":78}}],"line":57},"3":{"loc":{"start":{"line":101,"column":2},"end":{"line":101,"column":32}},"type":"default-arg","locations":[{"start":{"line":101,"column":27},"end":{"line":101,"column":32}}],"line":101},"4":{"loc":{"start":{"line":113,"column":4},"end":{"line":116,"column":5}},"type":"if","locations":[{"start":{"line":113,"column":4},"end":{"line":116,"column":5}},{"start":{},"end":{}}],"line":113},"5":{"loc":{"start":{"line":115,"column":17},"end":{"line":115,"column":39}},"type":"binary-expr","locations":[{"start":{"line":115,"column":17},"end":{"line":115,"column":29}},{"start":{"line":115,"column":33},"end":{"line":115,"column":39}}],"line":115},"6":{"loc":{"start":{"line":132,"column":2},"end":{"line":140,"column":3}},"type":"if","locations":[{"start":{"line":132,"column":2},"end":{"line":140,"column":3}},{"start":{},"end":{}}],"line":132},"7":{"loc":{"start":{"line":149,"column":4},"end":{"line":151,"column":5}},"type":"if","locations":[{"start":{"line":149,"column":4},"end":{"line":151,"column":5}},{"start":{},"end":{}}],"line":149},"8":{"loc":{"start":{"line":149,"column":8},"end":{"line":149,"column":42}},"type":"binary-expr","locations":[{"start":{"line":149,"column":8},"end":{"line":149,"column":17}},{"start":{"line":149,"column":21},"end":{"line":149,"column":42}}],"line":149},"9":{"loc":{"start":{"line":164,"column":4},"end":{"line":166,"column":5}},"type":"if","locations":[{"start":{"line":164,"column":4},"end":{"line":166,"column":5}},{"start":{},"end":{}}],"line":164},"10":{"loc":{"start":{"line":170,"column":4},"end":{"line":186,"column":5}},"type":"if","locations":[{"start":{"line":170,"column":4},"end":{"line":186,"column":5}},{"start":{},"end":{}}],"line":170},"11":{"loc":{"start":{"line":170,"column":8},"end":{"line":170,"column":82}},"type":"binary-expr","locations":[{"start":{"line":170,"column":8},"end":{"line":170,"column":29}},{"start":{"line":170,"column":33},"end":{"line":170,"column":82}}],"line":170},"12":{"loc":{"start":{"line":174,"column":6},"end":{"line":183,"column":7}},"type":"if","locations":[{"start":{"line":174,"column":6},"end":{"line":183,"column":7}},{"start":{},"end":{}}],"line":174},"13":{"loc":{"start":{"line":174,"column":10},"end":{"line":174,"column":54}},"type":"binary-expr","locations":[{"start":{"line":174,"column":10},"end":{"line":174,"column":31}},{"start":{"line":174,"column":35},"end":{"line":174,"column":54}}],"line":174},"14":{"loc":{"start":{"line":200,"column":4},"end":{"line":205,"column":5}},"type":"if","locations":[{"start":{"line":200,"column":4},"end":{"line":205,"column":5}},{"start":{},"end":{}}],"line":200},"15":{"loc":{"start":{"line":202,"column":6},"end":{"line":204,"column":7}},"type":"if","locations":[{"start":{"line":202,"column":6},"end":{"line":204,"column":7}},{"start":{},"end":{}}],"line":202},"16":{"loc":{"start":{"line":219,"column":4},"end":{"line":221,"column":5}},"type":"if","locations":[{"start":{"line":219,"column":4},"end":{"line":221,"column":5}},{"start":{},"end":{}}],"line":219},"17":{"loc":{"start":{"line":224,"column":4},"end":{"line":227,"column":5}},"type":"if","locations":[{"start":{"line":224,"column":4},"end":{"line":227,"column":5}},{"start":{},"end":{}}],"line":224},"18":{"loc":{"start":{"line":229,"column":4},"end":{"line":232,"column":5}},"type":"if","locations":[{"start":{"line":229,"column":4},"end":{"line":232,"column":5}},{"start":{},"end":{}}],"line":229},"19":{"loc":{"start":{"line":231,"column":13},"end":{"line":231,"column":58}},"type":"binary-expr","locations":[{"start":{"line":231,"column":13},"end":{"line":231,"column":33}},{"start":{"line":231,"column":37},"end":{"line":231,"column":58}}],"line":231},"20":{"loc":{"start":{"line":234,"column":4},"end":{"line":237,"column":5}},"type":"if","locations":[{"start":{"line":234,"column":4},"end":{"line":237,"column":5}},{"start":{},"end":{}}],"line":234}},"s":{"0":0,"1":0,"2":0,"3":0,"4":0,"5":0,"6":0,"7":0,"8":0,"9":0,"10":0,"11":0,"12":0,"13":0,"14":0,"15":0,"16":0,"17":0,"18":0,"19":0,"20":0,"21":0,"22":0,"23":0,"24":0,"25":0,"26":0,"27":0,"28":0,"29":0,"30":0,"31":0,"32":0,"33":0,"34":0,"35":0,"36":0,"37":0,"38":0,"39":0,"40":0,"41":0,"42":0,"43":0,"44":0,"45":0,"46":0,"47":0,"48":0,"49":0,"50":0,"51":0,"52":0,"53":0,"54":0,"55":0,"56":0,"57":0,"58":0,"59":0,"60":0,"61":0,"62":0,"63":0,"64":0,"65":0,"66":0,"67":0,"68":0,"69":0,"70":0,"71":0,"72":0,"73":0,"74":0,"75":0,"76":0,"77":0,"78":0,"79":0,"80":0,"81":0,"82":0,"83":0,"84":0,"85":0,"86":0,"87":0,"88":0,"89":0,"90":0,"91":0},"f":{"0":0,"1":0,"2":0,"3":0,"4":0,"5":0,"6":0,"7":0,"8":0,"9":0},"b":{"0":[0,0],"1":[0,0],"2":[0,0],"3":[0],"4":[0,0],"5":[0,0],"6":[0,0],"7":[0,0],"8":[0,0],"9":[0,0],"10":[0,0],"11":[0,0],"12":[0,0],"13":[0,0],"14":[0,0],"15":[0,0],"16":[0,0],"17":[0,0],"18":[0,0],"19":[0,0],"20":[0,0]}}
,"D:\\FinalProjectMobileSecurity\\client\\services\\dbSecurity.ts": {"path":"D:\\FinalProjectMobileSecurity\\client\\services\\dbSecurity.ts","statementMap":{"0":{"start":{"line":6,"column":23},"end":{"line":6,"column":42}},"1":{"start":{"line":9,"column":26},"end":{"line":13,"column":1}},"2":{"start":{"line":11,"column":26},"end":{"line":11,"column":59}},"3":{"start":{"line":12,"column":2},"end":{"line":12,"column":52}},"4":{"start":{"line":16,"column":34},"end":{"line":47,"column":1}},"5":{"start":{"line":17,"column":2},"end":{"line":46,"column":3}},"6":{"start":{"line":19,"column":16},"end":{"line":19,"column":52}},"7":{"start":{"line":21,"column":4},"end":{"line":28,"column":5}},"8":{"start":{"line":23,"column":21},"end":{"line":23,"column":40}},"9":{"start":{"line":24,"column":6},"end":{"line":24,"column":21}},"10":{"start":{"line":27,"column":6},"end":{"line":27,"column":47}},"11":{"start":{"line":31,"column":15},"end":{"line":36,"column":6}},"12":{"start":{"line":39,"column":4},"end":{"line":39,"column":50}},"13":{"start":{"line":41,"column":4},"end":{"line":41,"column":60}},"14":{"start":{"line":42,"column":4},"end":{"line":42,"column":14}},"15":{"start":{"line":44,"column":4},"end":{"line":44,"column":64}},"16":{"start":{"line":45,"column":4},"end":{"line":45,"column":60}},"17":{"start":{"line":50,"column":34},"end":{"line":68,"column":1}},"18":{"start":{"line":55,"column":2},"end":{"line":67,"column":3}},"19":{"start":{"line":56,"column":22},"end":{"line":56,"column":56}},"20":{"start":{"line":57,"column":17},"end":{"line":57,"column":19}},"21":{"start":{"line":59,"column":4},"end":{"line":61,"column":5}},"22":{"start":{"line":59,"column":17},"end":{"line":59,"column":18}},"23":{"start":{"line":60,"column":6},"end":{"line":60,"column":38}},"24":{"start":{"line":63,"column":4},"end":{"line":63,"column":16}},"25":{"start":{"line":65,"column":4},"end":{"line":65,"column":58}},"26":{"start":{"line":66,"column":4},"end":{"line":66,"column":16}},"27":{"start":{"line":71,"column":35},"end":{"line":78,"column":1}},"28":{"start":{"line":72,"column":2},"end":{"line":77,"column":7}},"29":{"start":{"line":73,"column":16},"end":{"line":73,"column":59}},"30":{"start":{"line":75,"column":6},"end":{"line":75,"column":54}},"31":{"start":{"line":76,"column":6},"end":{"line":76,"column":18}}},"fnMap":{"0":{"name":"(anonymous_0)","decl":{"start":{"line":9,"column":26},"end":{"line":9,"column":27}},"loc":{"start":{"line":9,"column":40},"end":{"line":13,"column":1}},"line":9},"1":{"name":"(anonymous_1)","decl":{"start":{"line":16,"column":34},"end":{"line":16,"column":35}},"loc":{"start":{"line":16,"column":92},"end":{"line":47,"column":1}},"line":16},"2":{"name":"(anonymous_2)","decl":{"start":{"line":50,"column":34},"end":{"line":50,"column":35}},"loc":{"start":{"line":54,"column":21},"end":{"line":68,"column":1}},"line":54},"3":{"name":"(anonymous_3)","decl":{"start":{"line":71,"column":35},"end":{"line":71,"column":36}},"loc":{"start":{"line":71,"column":81},"end":{"line":78,"column":1}},"line":71},"4":{"name":"(anonymous_4)","decl":{"start":{"line":73,"column":10},"end":{"line":73,"column":11}},"loc":{"start":{"line":73,"column":16},"end":{"line":73,"column":59}},"line":73},"5":{"name":"(anonymous_5)","decl":{"start":{"line":74,"column":11},"end":{"line":74,"column":12}},"loc":{"start":{"line":74,"column":29},"end":{"line":77,"column":5}},"line":74}},"branchMap":{"0":{"loc":{"start":{"line":21,"column":4},"end":{"line":28,"column":5}},"type":"if","locations":[{"start":{"line":21,"column":4},"end":{"line":28,"column":5}},{"start":{},"end":{}}],"line":21},"1":{"loc":{"start":{"line":53,"column":2},"end":{"line":53,"column":20}},"type":"default-arg","locations":[{"start":{"line":53,"column":18},"end":{"line":53,"column":20}}],"line":53}},"s":{"0":0,"1":0,"2":0,"3":0,"4":0,"5":0,"6":0,"7":0,"8":0,"9":0,"10":0,"11":0,"12":0,"13":0,"14":0,"15":0,"16":0,"17":0,"18":0,"19":0,"20":0,"21":0,"22":0,"23":0,"24":0,"25":0,"26":0,"27":0,"28":0,"29":0,"30":0,"31":0},"f":{"0":0,"1":0,"2":0,"3":0,"4":0,"5":0},"b":{"0":[0,0],"1":[0]}}
,"D:\\FinalProjectMobileSecurity\\client\\services\\secureStorage.ts": {"path":"D:\\FinalProjectMobileSecurity\\client\\services\\secureStorage.ts","statementMap":{"0":{"start":{"line":7,"column":36},"end":{"line":7,"column":40}},"1":{"start":{"line":10,"column":26},"end":{"line":14,"column":1}},"2":{"start":{"line":12,"column":26},"end":{"line":12,"column":59}},"3":{"start":{"line":13,"column":2},"end":{"line":13,"column":52}},"4":{"start":{"line":17,"column":39},"end":{"line":57,"column":1}},"5":{"start":{"line":18,"column":2},"end":{"line":56,"column":3}},"6":{"start":{"line":20,"column":22},"end":{"line":20,"column":66}},"7":{"start":{"line":22,"column":4},"end":{"line":52,"column":5}},"8":{"start":{"line":23,"column":6},"end":{"line":23,"column":33}},"9":{"start":{"line":24,"column":6},"end":{"line":24,"column":55}},"10":{"start":{"line":27,"column":6},"end":{"line":42,"column":7}},"11":{"start":{"line":28,"column":25},"end":{"line":28,"column":41}},"12":{"start":{"line":29,"column":26},"end":{"line":29,"column":99}},"13":{"start":{"line":30,"column":26},"end":{"line":30,"column":101}},"14":{"start":{"line":31,"column":8},"end":{"line":31,"column":30}},"15":{"start":{"line":33,"column":8},"end":{"line":33,"column":90}},"16":{"start":{"line":35,"column":23},"end":{"line":35,"column":42}},"17":{"start":{"line":36,"column":8},"end":{"line":36,"column":32}},"18":{"start":{"line":37,"column":8},"end":{"line":37,"column":61}},"19":{"start":{"line":40,"column":8},"end":{"line":40,"column":46}},"20":{"start":{"line":41,"column":8},"end":{"line":41,"column":77}},"21":{"start":{"line":45,"column":21},"end":{"line":45,"column":40}},"22":{"start":{"line":47,"column":6},"end":{"line":47,"column":30}},"23":{"start":{"line":50,"column":6},"end":{"line":50,"column":59}},"24":{"start":{"line":51,"column":6},"end":{"line":51,"column":61}},"25":{"start":{"line":54,"column":4},"end":{"line":54,"column":63}},"26":{"start":{"line":55,"column":4},"end":{"line":55,"column":59}},"27":{"start":{"line":60,"column":27},"end":{"line":72,"column":1}},"28":{"start":{"line":61,"column":2},"end":{"line":63,"column":3}},"29":{"start":{"line":62,"column":4},"end":{"line":62,"column":54}},"30":{"start":{"line":65,"column":2},"end":{"line":71,"column":3}},"31":{"start":{"line":66,"column":23},"end":{"line":66,"column":77}},"32":{"start":{"line":67,"column":4},"end":{"line":67,"column":71}},"33":{"start":{"line":69,"column":4},"end":{"line":69,"column":46}},"34":{"start":{"line":70,"column":4},"end":{"line":70,"column":46}},"35":{"start":{"line":75,"column":27},"end":{"line":95,"column":1}},"36":{"start":{"line":76,"column":2},"end":{"line":78,"column":3}},"37":{"start":{"line":77,"column":4},"end":{"line":77,"column":54}},"38":{"start":{"line":80,"column":2},"end":{"line":94,"column":3}},"39":{"start":{"line":81,"column":18},"end":{"line":81,"column":69}},"40":{"start":{"line":82,"column":28},"end":{"line":82,"column":61}},"41":{"start":{"line":84,"column":4},"end":{"line":90,"column":5}},"42":{"start":{"line":86,"column":6},"end":{"line":86,"column":41}},"43":{"start":{"line":89,"column":6},"end":{"line":89,"column":29}},"44":{"start":{"line":92,"column":4},"end":{"line":92,"column":46}},"45":{"start":{"line":93,"column":4},"end":{"line":93,"column":46}},"46":{"start":{"line":98,"column":27},"end":{"line":106,"column":1}},"47":{"start":{"line":99,"column":2},"end":{"line":105,"column":3}},"48":{"start":{"line":100,"column":26},"end":{"line":100,"column":43}},"49":{"start":{"line":101,"column":4},"end":{"line":101,"column":51}},"50":{"start":{"line":103,"column":4},"end":{"line":103,"column":63}},"51":{"start":{"line":104,"column":4},"end":{"line":104,"column":16}},"52":{"start":{"line":109,"column":30},"end":{"line":126,"column":1}},"53":{"start":{"line":110,"column":2},"end":{"line":125,"column":3}},"54":{"start":{"line":111,"column":26},"end":{"line":111,"column":57}},"55":{"start":{"line":112,"column":4},"end":{"line":112,"column":36}},"56":{"start":{"line":112,"column":24},"end":{"line":112,"column":36}},"57":{"start":{"line":114,"column":4},"end":{"line":121,"column":5}},"58":{"start":{"line":115,"column":6},"end":{"line":115,"column":40}},"59":{"start":{"line":117,"column":6},"end":{"line":117,"column":101}},"60":{"start":{"line":119,"column":6},"end":{"line":119,"column":41}},"61":{"start":{"line":120,"column":6},"end":{"line":120,"column":18}},"62":{"start":{"line":123,"column":4},"end":{"line":123,"column":66}},"63":{"start":{"line":124,"column":4},"end":{"line":124,"column":16}},"64":{"start":{"line":129,"column":27},"end":{"line":136,"column":1}},"65":{"start":{"line":130,"column":2},"end":{"line":135,"column":3}},"66":{"start":{"line":131,"column":4},"end":{"line":131,"column":39}},"67":{"start":{"line":133,"column":4},"end":{"line":133,"column":64}},"68":{"start":{"line":134,"column":4},"end":{"line":134,"column":16}}},"fnMap":{"0":{"name":"(anonymous_0)","decl":{"start":{"line":10,"column":26},"end":{"line":10,"column":27}},"loc":{"start":{"line":10,"column":40},"end":{"line":14,"column":1}},"line":10},"1":{"name":"(anonymous_1)","decl":{"start":{"line":17,"column":39},"end":{"line":17,"column":40}},"loc":{"start":{"line":17,"column":66},"end":{"line":57,"column":1}},"line":17},"2":{"name":"(anonymous_2)","decl":{"start":{"line":60,"column":27},"end":{"line":60,"column":28}},"loc":{"start":{"line":60,"column":50},"end":{"line":72,"column":1}},"line":60},"3":{"name":"(anonymous_3)","decl":{"start":{"line":75,"column":27},"end":{"line":75,"column":28}},"loc":{"start":{"line":75,"column":59},"end":{"line":95,"column":1}},"line":75},"4":{"name":"(anonymous_4)","decl":{"start":{"line":98,"column":27},"end":{"line":98,"column":28}},"loc":{"start":{"line":98,"column":76},"end":{"line":106,"column":1}},"line":98},"5":{"name":"(anonymous_5)","decl":{"start":{"line":109,"column":30},"end":{"line":109,"column":31}},"loc":{"start":{"line":109,"column":67},"end":{"line":126,"column":1}},"line":109},"6":{"name":"(anonymous_6)","decl":{"start":{"line":129,"column":27},"end":{"line":129,"column":28}},"loc":{"start":{"line":129,"column":65},"end":{"line":136,"column":1}},"line":129}},"branchMap":{"0":{"loc":{"start":{"line":22,"column":4},"end":{"line":52,"column":5}},"type":"if","locations":[{"start":{"line":22,"column":4},"end":{"line":52,"column":5}},{"start":{"line":43,"column":11},"end":{"line":52,"column":5}}],"line":22},"1":{"loc":{"start":{"line":61,"column":2},"end":{"line":63,"column":3}},"type":"if","locations":[{"start":{"line":61,"column":2},"end":{"line":63,"column":3}},{"start":{},"end":{}}],"line":61},"2":{"loc":{"start":{"line":66,"column":23},"end":{"line":66,"column":77}},"type":"cond-expr","locations":[{"start":{"line":66,"column":50},"end":{"line":66,"column":54}},{"start":{"line":66,"column":57},"end":{"line":66,"column":77}}],"line":66},"3":{"loc":{"start":{"line":76,"column":2},"end":{"line":78,"column":3}},"type":"if","locations":[{"start":{"line":76,"column":2},"end":{"line":78,"column":3}},{"start":{},"end":{}}],"line":76},"4":{"loc":{"start":{"line":112,"column":4},"end":{"line":112,"column":36}},"type":"if","locations":[{"start":{"line":112,"column":4},"end":{"line":112,"column":36}},{"start":{},"end":{}}],"line":112}},"s":{"0":0,"1":0,"2":0,"3":0,"4":0,"5":0,"6":0,"7":0,"8":0,"9":0,"10":0,"11":0,"12":0,"13":0,"14":0,"15":0,"16":0,"17":0,"18":0,"19":0,"20":0,"21":0,"22":0,"23":0,"24":0,"25":0,"26":0,"27":0,"28":0,"29":0,"30":0,"31":0,"32":0,"33":0,"34":0,"35":0,"36":0,"37":0,"38":0,"39":0,"40":0,"41":0,"42":0,"43":0,"44":0,"45":0,"46":0,"47":0,"48":0,"49":0,"50":0,"51":0,"52":0,"53":0,"54":0,"55":0,"56":0,"57":0,"58":0,"59":0,"60":0,"61":0,"62":0,"63":0,"64":0,"65":0,"66":0,"67":0,"68":0},"f":{"0":0,"1":0,"2":0,"3":0,"4":0,"5":0,"6":0},"b":{"0":[0,0],"1":[0,0],"2":[0,0],"3":[0,0],"4":[0,0]}}
,"D:\\FinalProjectMobileSecurity\\client\\services\\syncService.ts": {"path":"D:\\FinalProjectMobileSecurity\\client\\services\\syncService.ts","statementMap":{"0":{"start":{"line":7,"column":27},"end":{"line":72,"column":1}},"1":{"start":{"line":12,"column":4},"end":{"line":70,"column":5}},"2":{"start":{"line":13,"column":30},"end":{"line":13,"column":78}},"3":{"start":{"line":14,"column":6},"end":{"line":16,"column":7}},"4":{"start":{"line":15,"column":8},"end":{"line":15,"column":44}},"5":{"start":{"line":18,"column":27},"end":{"line":18,"column":54}},"6":{"start":{"line":19,"column":6},"end":{"line":21,"column":7}},"7":{"start":{"line":20,"column":8},"end":{"line":20,"column":44}},"8":{"start":{"line":23,"column":6},"end":{"line":23,"column":74}},"9":{"start":{"line":26,"column":40},"end":{"line":26,"column":42}},"10":{"start":{"line":29,"column":6},"end":{"line":50,"column":7}},"11":{"start":{"line":29,"column":19},"end":{"line":29,"column":20}},"12":{"start":{"line":30,"column":21},"end":{"line":30,"column":36}},"13":{"start":{"line":32,"column":8},"end":{"line":49,"column":9}},"14":{"start":{"line":34,"column":10},"end":{"line":45,"column":11}},"15":{"start":{"line":36,"column":14},"end":{"line":36,"column":85}},"16":{"start":{"line":37,"column":14},"end":{"line":37,"column":75}},"17":{"start":{"line":38,"column":14},"end":{"line":38,"column":38}},"18":{"start":{"line":39,"column":14},"end":{"line":39,"column":20}},"19":{"start":{"line":44,"column":14},"end":{"line":44,"column":62}},"20":{"start":{"line":47,"column":10},"end":{"line":47,"column":86}},"21":{"start":{"line":53,"column":6},"end":{"line":55,"column":7}},"22":{"start":{"line":53,"column":19},"end":{"line":53,"column":45}},"23":{"start":{"line":54,"column":8},"end":{"line":54,"column":51}},"24":{"start":{"line":58,"column":6},"end":{"line":58,"column":85}},"25":{"start":{"line":60,"column":6},"end":{"line":63,"column":8}},"26":{"start":{"line":65,"column":6},"end":{"line":65,"column":64}},"27":{"start":{"line":66,"column":6},"end":{"line":69,"column":8}},"28":{"start":{"line":75,"column":37},"end":{"line":86,"column":1}},"29":{"start":{"line":76,"column":2},"end":{"line":85,"column":3}},"30":{"start":{"line":77,"column":19},"end":{"line":77,"column":60}},"31":{"start":{"line":78,"column":4},"end":{"line":80,"column":5}},"32":{"start":{"line":79,"column":6},"end":{"line":79,"column":77}},"33":{"start":{"line":81,"column":4},"end":{"line":81,"column":18}},"34":{"start":{"line":83,"column":4},"end":{"line":83,"column":52}},"35":{"start":{"line":84,"column":4},"end":{"line":84,"column":41}}},"fnMap":{"0":{"name":"(anonymous_0)","decl":{"start":{"line":11,"column":2},"end":{"line":11,"column":3}},"loc":{"start":{"line":11,"column":79},"end":{"line":71,"column":3}},"line":11},"1":{"name":"(anonymous_1)","decl":{"start":{"line":75,"column":37},"end":{"line":75,"column":38}},"loc":{"start":{"line":75,"column":49},"end":{"line":86,"column":1}},"line":75}},"branchMap":{"0":{"loc":{"start":{"line":14,"column":6},"end":{"line":16,"column":7}},"type":"if","locations":[{"start":{"line":14,"column":6},"end":{"line":16,"column":7}},{"start":{},"end":{}}],"line":14},"1":{"loc":{"start":{"line":19,"column":6},"end":{"line":21,"column":7}},"type":"if","locations":[{"start":{"line":19,"column":6},"end":{"line":21,"column":7}},{"start":{},"end":{}}],"line":19},"2":{"loc":{"start":{"line":34,"column":10},"end":{"line":45,"column":11}},"type":"switch","locations":[{"start":{"line":35,"column":12},"end":{"line":39,"column":20}},{"start":{"line":43,"column":12},"end":{"line":44,"column":62}}],"line":34},"3":{"loc":{"start":{"line":78,"column":4},"end":{"line":80,"column":5}},"type":"if","locations":[{"start":{"line":78,"column":4},"end":{"line":80,"column":5}},{"start":{},"end":{}}],"line":78}},"s":{"0":0,"1":0,"2":0,"3":0,"4":0,"5":0,"6":0,"7":0,"8":0,"9":0,"10":0,"11":0,"12":0,"13":0,"14":0,"15":0,"16":0,"17":0,"18":0,"19":0,"20":0,"21":0,"22":0,"23":0,"24":0,"25":0,"26":0,"27":0,"28":0,"29":0,"30":0,"31":0,"32":0,"33":0,"34":0,"35":0},"f":{"0":0,"1":0},"b":{"0":[0,0],"1":[0,0],"2":[0,0],"3":[0,0]}}
,"D:\\FinalProjectMobileSecurity\\client\\services\\tokenization.ts": {"path":"D:\\FinalProjectMobileSecurity\\client\\services\\tokenization.ts","statementMap":{"0":{"start":{"line":6,"column":26},"end":{"line":6,"column":46}},"1":{"start":{"line":9,"column":21},"end":{"line":18,"column":1}},"2":{"start":{"line":10,"column":2},"end":{"line":17,"column":3}},"3":{"start":{"line":11,"column":25},"end":{"line":11,"column":70}},"4":{"start":{"line":12,"column":4},"end":{"line":12,"column":33}},"5":{"start":{"line":12,"column":23},"end":{"line":12,"column":33}},"6":{"start":{"line":13,"column":4},"end":{"line":13,"column":36}},"7":{"start":{"line":15,"column":4},"end":{"line":15,"column":53}},"8":{"start":{"line":16,"column":4},"end":{"line":16,"column":14}},"9":{"start":{"line":21,"column":21},"end":{"line":28,"column":1}},"10":{"start":{"line":22,"column":2},"end":{"line":27,"column":3}},"11":{"start":{"line":23,"column":4},"end":{"line":23,"column":76}},"12":{"start":{"line":25,"column":4},"end":{"line":25,"column":52}},"13":{"start":{"line":26,"column":4},"end":{"line":26,"column":16}},"14":{"start":{"line":31,"column":24},"end":{"line":49,"column":1}},"15":{"start":{"line":32,"column":2},"end":{"line":48,"column":3}},"16":{"start":{"line":34,"column":18},"end":{"line":34,"column":35}},"17":{"start":{"line":37,"column":26},"end":{"line":37,"column":52}},"18":{"start":{"line":40,"column":21},"end":{"line":40,"column":41}},"19":{"start":{"line":41,"column":4},"end":{"line":41,"column":36}},"20":{"start":{"line":42,"column":4},"end":{"line":42,"column":33}},"21":{"start":{"line":44,"column":4},"end":{"line":44,"column":17}},"22":{"start":{"line":46,"column":4},"end":{"line":46,"column":61}},"23":{"start":{"line":47,"column":4},"end":{"line":47,"column":16}},"24":{"start":{"line":52,"column":26},"end":{"line":67,"column":1}},"25":{"start":{"line":53,"column":2},"end":{"line":66,"column":3}},"26":{"start":{"line":54,"column":21},"end":{"line":54,"column":41}},"27":{"start":{"line":55,"column":26},"end":{"line":55,"column":41}},"28":{"start":{"line":57,"column":4},"end":{"line":60,"column":5}},"29":{"start":{"line":58,"column":6},"end":{"line":58,"column":47}},"30":{"start":{"line":59,"column":6},"end":{"line":59,"column":18}},"31":{"start":{"line":62,"column":4},"end":{"line":62,"column":38}},"32":{"start":{"line":64,"column":4},"end":{"line":64,"column":63}},"33":{"start":{"line":65,"column":4},"end":{"line":65,"column":16}},"34":{"start":{"line":70,"column":27},"end":{"line":79,"column":1}},"35":{"start":{"line":71,"column":2},"end":{"line":78,"column":3}},"36":{"start":{"line":72,"column":21},"end":{"line":72,"column":41}},"37":{"start":{"line":73,"column":4},"end":{"line":73,"column":27}},"38":{"start":{"line":74,"column":4},"end":{"line":74,"column":33}},"39":{"start":{"line":76,"column":4},"end":{"line":76,"column":59}},"40":{"start":{"line":77,"column":4},"end":{"line":77,"column":16}}},"fnMap":{"0":{"name":"(anonymous_0)","decl":{"start":{"line":9,"column":21},"end":{"line":9,"column":22}},"loc":{"start":{"line":9,"column":66},"end":{"line":18,"column":1}},"line":9},"1":{"name":"(anonymous_1)","decl":{"start":{"line":21,"column":21},"end":{"line":21,"column":22}},"loc":{"start":{"line":21,"column":80},"end":{"line":28,"column":1}},"line":21},"2":{"name":"(anonymous_2)","decl":{"start":{"line":31,"column":24},"end":{"line":31,"column":25}},"loc":{"start":{"line":31,"column":74},"end":{"line":49,"column":1}},"line":31},"3":{"name":"(anonymous_3)","decl":{"start":{"line":52,"column":26},"end":{"line":52,"column":27}},"loc":{"start":{"line":52,"column":75},"end":{"line":67,"column":1}},"line":52},"4":{"name":"(anonymous_4)","decl":{"start":{"line":70,"column":27},"end":{"line":70,"column":28}},"loc":{"start":{"line":70,"column":67},"end":{"line":79,"column":1}},"line":70}},"branchMap":{"0":{"loc":{"start":{"line":12,"column":4},"end":{"line":12,"column":33}},"type":"if","locations":[{"start":{"line":12,"column":4},"end":{"line":12,"column":33}},{"start":{},"end":{}}],"line":12},"1":{"loc":{"start":{"line":57,"column":4},"end":{"line":60,"column":5}},"type":"if","locations":[{"start":{"line":57,"column":4},"end":{"line":60,"column":5}},{"start":{},"end":{}}],"line":57}},"s":{"0":0,"1":0,"2":0,"3":0,"4":0,"5":0,"6":0,"7":0,"8":0,"9":0,"10":0,"11":0,"12":0,"13":0,"14":0,"15":0,"16":0,"17":0,"18":0,"19":0,"20":0,"21":0,"22":0,"23":0,"24":0,"25":0,"26":0,"27":0,"28":0,"29":0,"30":0,"31":0,"32":0,"33":0,"34":0,"35":0,"36":0,"37":0,"38":0,"39":0,"40":0},"f":{"0":0,"1":0,"2":0,"3":0,"4":0},"b":{"0":[0,0],"1":[0,0]}}
}
